[2024-04-14 13:37:23] production.ERROR: The C:\laragon\www\tab-ui\bootstrap\cache directory must be present and writable. {"exception":"[object] (Exception(code: 0): The C:\\laragon\\www\\tab-ui\\bootstrap\\cache directory must be present and writable. at C:\\laragon\\www\\tab-ui\\vendor\\laravel\\framework\\src\\Illuminate\\Foundation\\PackageManifest.php:178)
[stacktrace]
#0 C:\\laragon\\www\\tab-ui\\vendor\\laravel\\framework\\src\\Illuminate\\Foundation\\PackageManifest.php(131): Illuminate\\Foundation\\PackageManifest->write(Array)
#1 C:\\laragon\\www\\tab-ui\\vendor\\laravel\\framework\\src\\Illuminate\\Foundation\\PackageManifest.php(107): Illuminate\\Foundation\\PackageManifest->build()
#2 C:\\laragon\\www\\tab-ui\\vendor\\laravel\\framework\\src\\Illuminate\\Foundation\\PackageManifest.php(90): Illuminate\\Foundation\\PackageManifest->getManifest()
#3 C:\\laragon\\www\\tab-ui\\vendor\\laravel\\framework\\src\\Illuminate\\Foundation\\PackageManifest.php(79): Illuminate\\Foundation\\PackageManifest->config('aliases')
#4 C:\\laragon\\www\\tab-ui\\vendor\\laravel\\framework\\src\\Illuminate\\Foundation\\Bootstrap\\RegisterFacades.php(26): Illuminate\\Foundation\\PackageManifest->aliases()
#5 C:\\laragon\\www\\tab-ui\\vendor\\laravel\\framework\\src\\Illuminate\\Foundation\\Application.php(309): Illuminate\\Foundation\\Bootstrap\\RegisterFacades->bootstrap(Object(Illuminate\\Foundation\\Application))
#6 C:\\laragon\\www\\tab-ui\\vendor\\laravel\\framework\\src\\Illuminate\\Foundation\\Console\\Kernel.php(470): Illuminate\\Foundation\\Application->bootstrapWith(Array)
#7 C:\\laragon\\www\\tab-ui\\vendor\\laravel\\framework\\src\\Illuminate\\Foundation\\Console\\Kernel.php(194): Illuminate\\Foundation\\Console\\Kernel->bootstrap()
#8 C:\\laragon\\www\\tab-ui\\vendor\\laravel\\framework\\src\\Illuminate\\Foundation\\Application.php(1183): Illuminate\\Foundation\\Console\\Kernel->handle(Object(Symfony\\Component\\Console\\Input\\ArgvInput), Object(Symfony\\Component\\Console\\Output\\ConsoleOutput))
#9 C:\\laragon\\www\\tab-ui\\artisan(13): Illuminate\\Foundation\\Application->handleCommand(Object(Symfony\\Component\\Console\\Input\\ArgvInput))
#10 {main}
"} 
[2024-04-14 13:40:08] production.ERROR: Unable to detect application namespace. {"exception":"[object] (RuntimeException(code: 0): Unable to detect application namespace. at C:\\laragon\\www\\tab-ui\\vendor\\laravel\\framework\\src\\Illuminate\\Foundation\\Application.php:1630)
[stacktrace]
#0 C:\\laragon\\www\\tab-ui\\vendor\\orchestra\\canvas-core\\src\\Presets\\Laravel.php(108): Illuminate\\Foundation\\Application->getNamespace()
#1 C:\\laragon\\www\\tab-ui\\vendor\\orchestra\\canvas-core\\src\\Concerns\\UsesGeneratorOverrides.php(44): Orchestra\\Canvas\\Core\\Presets\\Laravel->rootNamespace()
#2 C:\\laragon\\www\\tab-ui\\vendor\\orchestra\\canvas\\src\\Console\\ComponentMakeCommand.php(78): Orchestra\\Canvas\\Console\\ComponentMakeCommand->rootNamespaceUsingCanvas()
#3 C:\\laragon\\www\\tab-ui\\vendor\\laravel\\framework\\src\\Illuminate\\Console\\GeneratorCommand.php(210): Orchestra\\Canvas\\Console\\ComponentMakeCommand->rootNamespace()
#4 C:\\laragon\\www\\tab-ui\\vendor\\orchestra\\canvas-core\\src\\Concerns\\CodeGenerator.php(20): Illuminate\\Console\\GeneratorCommand->qualifyClass('dialog')
#5 C:\\laragon\\www\\tab-ui\\vendor\\orchestra\\canvas\\src\\Console\\ComponentMakeCommand.php(43): Orchestra\\Canvas\\Console\\ComponentMakeCommand->generateCode()
#6 C:\\laragon\\www\\tab-ui\\vendor\\laravel\\framework\\src\\Illuminate\\Container\\BoundMethod.php(36): Orchestra\\Canvas\\Console\\ComponentMakeCommand->handle()
#7 C:\\laragon\\www\\tab-ui\\vendor\\laravel\\framework\\src\\Illuminate\\Container\\Util.php(41): Illuminate\\Container\\BoundMethod::Illuminate\\Container\\{closure}()
#8 C:\\laragon\\www\\tab-ui\\vendor\\laravel\\framework\\src\\Illuminate\\Container\\BoundMethod.php(93): Illuminate\\Container\\Util::unwrapIfClosure(Object(Closure))
#9 C:\\laragon\\www\\tab-ui\\vendor\\laravel\\framework\\src\\Illuminate\\Container\\BoundMethod.php(35): Illuminate\\Container\\BoundMethod::callBoundMethod(Object(Illuminate\\Foundation\\Application), Array, Object(Closure))
#10 C:\\laragon\\www\\tab-ui\\vendor\\laravel\\framework\\src\\Illuminate\\Container\\Container.php(662): Illuminate\\Container\\BoundMethod::call(Object(Illuminate\\Foundation\\Application), Array, Array, NULL)
#11 C:\\laragon\\www\\tab-ui\\vendor\\laravel\\framework\\src\\Illuminate\\Console\\Command.php(212): Illuminate\\Container\\Container->call(Array)
#12 C:\\laragon\\www\\tab-ui\\vendor\\symfony\\console\\Command\\Command.php(279): Illuminate\\Console\\Command->execute(Object(Symfony\\Component\\Console\\Input\\ArgvInput), Object(Illuminate\\Console\\OutputStyle))
#13 C:\\laragon\\www\\tab-ui\\vendor\\laravel\\framework\\src\\Illuminate\\Console\\Command.php(181): Symfony\\Component\\Console\\Command\\Command->run(Object(Symfony\\Component\\Console\\Input\\ArgvInput), Object(Illuminate\\Console\\OutputStyle))
#14 C:\\laragon\\www\\tab-ui\\vendor\\symfony\\console\\Application.php(1049): Illuminate\\Console\\Command->run(Object(Symfony\\Component\\Console\\Input\\ArgvInput), Object(Symfony\\Component\\Console\\Output\\ConsoleOutput))
#15 C:\\laragon\\www\\tab-ui\\vendor\\symfony\\console\\Application.php(318): Symfony\\Component\\Console\\Application->doRunCommand(Object(Orchestra\\Canvas\\Console\\ComponentMakeCommand), Object(Symfony\\Component\\Console\\Input\\ArgvInput), Object(Symfony\\Component\\Console\\Output\\ConsoleOutput))
#16 C:\\laragon\\www\\tab-ui\\vendor\\symfony\\console\\Application.php(169): Symfony\\Component\\Console\\Application->doRun(Object(Symfony\\Component\\Console\\Input\\ArgvInput), Object(Symfony\\Component\\Console\\Output\\ConsoleOutput))
#17 C:\\laragon\\www\\tab-ui\\vendor\\laravel\\framework\\src\\Illuminate\\Foundation\\Console\\Kernel.php(196): Symfony\\Component\\Console\\Application->run(Object(Symfony\\Component\\Console\\Input\\ArgvInput), Object(Symfony\\Component\\Console\\Output\\ConsoleOutput))
#18 C:\\laragon\\www\\tab-ui\\vendor\\laravel\\framework\\src\\Illuminate\\Foundation\\Application.php(1183): Illuminate\\Foundation\\Console\\Kernel->handle(Object(Symfony\\Component\\Console\\Input\\ArgvInput), Object(Symfony\\Component\\Console\\Output\\ConsoleOutput))
#19 C:\\laragon\\www\\tab-ui\\artisan(13): Illuminate\\Foundation\\Application->handleCommand(Object(Symfony\\Component\\Console\\Input\\ArgvInput))
#20 {main}
"} 
[2024-04-14 13:42:27] production.ERROR: Unable to detect application namespace. {"exception":"[object] (RuntimeException(code: 0): Unable to detect application namespace. at C:\\laragon\\www\\tab-ui\\vendor\\laravel\\framework\\src\\Illuminate\\Foundation\\Application.php:1630)
[stacktrace]
#0 C:\\laragon\\www\\tab-ui\\vendor\\orchestra\\canvas-core\\src\\Presets\\Laravel.php(108): Illuminate\\Foundation\\Application->getNamespace()
#1 C:\\laragon\\www\\tab-ui\\vendor\\orchestra\\canvas-core\\src\\Concerns\\UsesGeneratorOverrides.php(44): Orchestra\\Canvas\\Core\\Presets\\Laravel->rootNamespace()
#2 C:\\laragon\\www\\tab-ui\\vendor\\orchestra\\canvas\\src\\Console\\ComponentMakeCommand.php(78): Orchestra\\Canvas\\Console\\ComponentMakeCommand->rootNamespaceUsingCanvas()
#3 C:\\laragon\\www\\tab-ui\\vendor\\laravel\\framework\\src\\Illuminate\\Console\\GeneratorCommand.php(210): Orchestra\\Canvas\\Console\\ComponentMakeCommand->rootNamespace()
#4 C:\\laragon\\www\\tab-ui\\vendor\\orchestra\\canvas-core\\src\\Concerns\\CodeGenerator.php(20): Illuminate\\Console\\GeneratorCommand->qualifyClass('dialog')
#5 C:\\laragon\\www\\tab-ui\\vendor\\orchestra\\canvas\\src\\Console\\ComponentMakeCommand.php(43): Orchestra\\Canvas\\Console\\ComponentMakeCommand->generateCode()
#6 C:\\laragon\\www\\tab-ui\\vendor\\laravel\\framework\\src\\Illuminate\\Container\\BoundMethod.php(36): Orchestra\\Canvas\\Console\\ComponentMakeCommand->handle()
#7 C:\\laragon\\www\\tab-ui\\vendor\\laravel\\framework\\src\\Illuminate\\Container\\Util.php(41): Illuminate\\Container\\BoundMethod::Illuminate\\Container\\{closure}()
#8 C:\\laragon\\www\\tab-ui\\vendor\\laravel\\framework\\src\\Illuminate\\Container\\BoundMethod.php(93): Illuminate\\Container\\Util::unwrapIfClosure(Object(Closure))
#9 C:\\laragon\\www\\tab-ui\\vendor\\laravel\\framework\\src\\Illuminate\\Container\\BoundMethod.php(35): Illuminate\\Container\\BoundMethod::callBoundMethod(Object(Illuminate\\Foundation\\Application), Array, Object(Closure))
#10 C:\\laragon\\www\\tab-ui\\vendor\\laravel\\framework\\src\\Illuminate\\Container\\Container.php(662): Illuminate\\Container\\BoundMethod::call(Object(Illuminate\\Foundation\\Application), Array, Array, NULL)
#11 C:\\laragon\\www\\tab-ui\\vendor\\laravel\\framework\\src\\Illuminate\\Console\\Command.php(212): Illuminate\\Container\\Container->call(Array)
#12 C:\\laragon\\www\\tab-ui\\vendor\\symfony\\console\\Command\\Command.php(279): Illuminate\\Console\\Command->execute(Object(Symfony\\Component\\Console\\Input\\ArgvInput), Object(Illuminate\\Console\\OutputStyle))
#13 C:\\laragon\\www\\tab-ui\\vendor\\laravel\\framework\\src\\Illuminate\\Console\\Command.php(181): Symfony\\Component\\Console\\Command\\Command->run(Object(Symfony\\Component\\Console\\Input\\ArgvInput), Object(Illuminate\\Console\\OutputStyle))
#14 C:\\laragon\\www\\tab-ui\\vendor\\symfony\\console\\Application.php(1049): Illuminate\\Console\\Command->run(Object(Symfony\\Component\\Console\\Input\\ArgvInput), Object(Symfony\\Component\\Console\\Output\\ConsoleOutput))
#15 C:\\laragon\\www\\tab-ui\\vendor\\symfony\\console\\Application.php(318): Symfony\\Component\\Console\\Application->doRunCommand(Object(Orchestra\\Canvas\\Console\\ComponentMakeCommand), Object(Symfony\\Component\\Console\\Input\\ArgvInput), Object(Symfony\\Component\\Console\\Output\\ConsoleOutput))
#16 C:\\laragon\\www\\tab-ui\\vendor\\symfony\\console\\Application.php(169): Symfony\\Component\\Console\\Application->doRun(Object(Symfony\\Component\\Console\\Input\\ArgvInput), Object(Symfony\\Component\\Console\\Output\\ConsoleOutput))
#17 C:\\laragon\\www\\tab-ui\\vendor\\laravel\\framework\\src\\Illuminate\\Foundation\\Console\\Kernel.php(196): Symfony\\Component\\Console\\Application->run(Object(Symfony\\Component\\Console\\Input\\ArgvInput), Object(Symfony\\Component\\Console\\Output\\ConsoleOutput))
#18 C:\\laragon\\www\\tab-ui\\vendor\\laravel\\framework\\src\\Illuminate\\Foundation\\Application.php(1183): Illuminate\\Foundation\\Console\\Kernel->handle(Object(Symfony\\Component\\Console\\Input\\ArgvInput), Object(Symfony\\Component\\Console\\Output\\ConsoleOutput))
#19 C:\\laragon\\www\\tab-ui\\artisan(13): Illuminate\\Foundation\\Application->handleCommand(Object(Symfony\\Component\\Console\\Input\\ArgvInput))
#20 {main}
"} 
[2024-04-14 13:43:08] production.ERROR: Unable to detect application namespace. {"exception":"[object] (RuntimeException(code: 0): Unable to detect application namespace. at C:\\laragon\\www\\tab-ui\\vendor\\laravel\\framework\\src\\Illuminate\\Foundation\\Application.php:1630)
[stacktrace]
#0 C:\\laragon\\www\\tab-ui\\vendor\\orchestra\\canvas-core\\src\\Presets\\Laravel.php(108): Illuminate\\Foundation\\Application->getNamespace()
#1 C:\\laragon\\www\\tab-ui\\vendor\\orchestra\\canvas-core\\src\\Concerns\\UsesGeneratorOverrides.php(44): Orchestra\\Canvas\\Core\\Presets\\Laravel->rootNamespace()
#2 C:\\laragon\\www\\tab-ui\\vendor\\orchestra\\canvas\\src\\Console\\ComponentMakeCommand.php(78): Orchestra\\Canvas\\Console\\ComponentMakeCommand->rootNamespaceUsingCanvas()
#3 C:\\laragon\\www\\tab-ui\\vendor\\laravel\\framework\\src\\Illuminate\\Console\\GeneratorCommand.php(210): Orchestra\\Canvas\\Console\\ComponentMakeCommand->rootNamespace()
#4 C:\\laragon\\www\\tab-ui\\vendor\\orchestra\\canvas-core\\src\\Concerns\\CodeGenerator.php(20): Illuminate\\Console\\GeneratorCommand->qualifyClass('dialog')
#5 C:\\laragon\\www\\tab-ui\\vendor\\orchestra\\canvas\\src\\Console\\ComponentMakeCommand.php(43): Orchestra\\Canvas\\Console\\ComponentMakeCommand->generateCode()
#6 C:\\laragon\\www\\tab-ui\\vendor\\laravel\\framework\\src\\Illuminate\\Container\\BoundMethod.php(36): Orchestra\\Canvas\\Console\\ComponentMakeCommand->handle()
#7 C:\\laragon\\www\\tab-ui\\vendor\\laravel\\framework\\src\\Illuminate\\Container\\Util.php(41): Illuminate\\Container\\BoundMethod::Illuminate\\Container\\{closure}()
#8 C:\\laragon\\www\\tab-ui\\vendor\\laravel\\framework\\src\\Illuminate\\Container\\BoundMethod.php(93): Illuminate\\Container\\Util::unwrapIfClosure(Object(Closure))
#9 C:\\laragon\\www\\tab-ui\\vendor\\laravel\\framework\\src\\Illuminate\\Container\\BoundMethod.php(35): Illuminate\\Container\\BoundMethod::callBoundMethod(Object(Illuminate\\Foundation\\Application), Array, Object(Closure))
#10 C:\\laragon\\www\\tab-ui\\vendor\\laravel\\framework\\src\\Illuminate\\Container\\Container.php(662): Illuminate\\Container\\BoundMethod::call(Object(Illuminate\\Foundation\\Application), Array, Array, NULL)
#11 C:\\laragon\\www\\tab-ui\\vendor\\laravel\\framework\\src\\Illuminate\\Console\\Command.php(212): Illuminate\\Container\\Container->call(Array)
#12 C:\\laragon\\www\\tab-ui\\vendor\\symfony\\console\\Command\\Command.php(279): Illuminate\\Console\\Command->execute(Object(Symfony\\Component\\Console\\Input\\ArgvInput), Object(Illuminate\\Console\\OutputStyle))
#13 C:\\laragon\\www\\tab-ui\\vendor\\laravel\\framework\\src\\Illuminate\\Console\\Command.php(181): Symfony\\Component\\Console\\Command\\Command->run(Object(Symfony\\Component\\Console\\Input\\ArgvInput), Object(Illuminate\\Console\\OutputStyle))
#14 C:\\laragon\\www\\tab-ui\\vendor\\symfony\\console\\Application.php(1049): Illuminate\\Console\\Command->run(Object(Symfony\\Component\\Console\\Input\\ArgvInput), Object(Symfony\\Component\\Console\\Output\\ConsoleOutput))
#15 C:\\laragon\\www\\tab-ui\\vendor\\symfony\\console\\Application.php(318): Symfony\\Component\\Console\\Application->doRunCommand(Object(Orchestra\\Canvas\\Console\\ComponentMakeCommand), Object(Symfony\\Component\\Console\\Input\\ArgvInput), Object(Symfony\\Component\\Console\\Output\\ConsoleOutput))
#16 C:\\laragon\\www\\tab-ui\\vendor\\symfony\\console\\Application.php(169): Symfony\\Component\\Console\\Application->doRun(Object(Symfony\\Component\\Console\\Input\\ArgvInput), Object(Symfony\\Component\\Console\\Output\\ConsoleOutput))
#17 C:\\laragon\\www\\tab-ui\\vendor\\laravel\\framework\\src\\Illuminate\\Foundation\\Console\\Kernel.php(196): Symfony\\Component\\Console\\Application->run(Object(Symfony\\Component\\Console\\Input\\ArgvInput), Object(Symfony\\Component\\Console\\Output\\ConsoleOutput))
#18 C:\\laragon\\www\\tab-ui\\vendor\\laravel\\framework\\src\\Illuminate\\Foundation\\Application.php(1183): Illuminate\\Foundation\\Console\\Kernel->handle(Object(Symfony\\Component\\Console\\Input\\ArgvInput), Object(Symfony\\Component\\Console\\Output\\ConsoleOutput))
#19 C:\\laragon\\www\\tab-ui\\artisan(13): Illuminate\\Foundation\\Application->handleCommand(Object(Symfony\\Component\\Console\\Input\\ArgvInput))
#20 {main}
"} 
